[debug] [2024-09-16T16:03:21.537Z] ----------------------------------------------------------------------
[debug] [2024-09-16T16:03:21.539Z] Command:       /usr/local/Cellar/node/22.7.0/bin/node /usr/local/bin/firebase deploy
[debug] [2024-09-16T16:03:21.540Z] CLI Version:   13.17.0
[debug] [2024-09-16T16:03:21.540Z] Platform:      darwin
[debug] [2024-09-16T16:03:21.541Z] Node Version:  v22.7.0
[debug] [2024-09-16T16:03:21.542Z] Time:          Mon Sep 16 2024 09:03:21 GMT-0700 (Pacific Daylight Time)
[debug] [2024-09-16T16:03:21.542Z] ----------------------------------------------------------------------
[debug] 
[debug] [2024-09-16T16:03:21.609Z] > command requires scopes: ["email","openid","https://www.googleapis.com/auth/cloudplatformprojects.readonly","https://www.googleapis.com/auth/firebase","https://www.googleapis.com/auth/cloud-platform"]
[debug] [2024-09-16T16:03:21.610Z] > authorizing via signed-in user (lmoroney@gmail.com)
[debug] [2024-09-16T16:03:21.610Z] [iam] checking project laurence-blog-2021 for permissions ["firebase.projects.get","firebasehosting.sites.update"]
[debug] [2024-09-16T16:03:21.612Z] > refreshing access token with scopes: []
[debug] [2024-09-16T16:03:21.613Z] >>> [apiv2][query] POST https://www.googleapis.com/oauth2/v3/token [none]
[debug] [2024-09-16T16:03:21.613Z] >>> [apiv2][body] POST https://www.googleapis.com/oauth2/v3/token [omitted]
[debug] [2024-09-16T16:03:22.242Z] <<< [apiv2][status] POST https://www.googleapis.com/oauth2/v3/token 400
[debug] [2024-09-16T16:03:22.242Z] <<< [apiv2][body] POST https://www.googleapis.com/oauth2/v3/token [omitted]
[debug] [2024-09-16T16:03:22.243Z] >>> [apiv2][query] POST https://cloudresourcemanager.googleapis.com/v1/projects/laurence-blog-2021:testIamPermissions [none]
[debug] [2024-09-16T16:03:22.243Z] >>> [apiv2][(partial)header] POST https://cloudresourcemanager.googleapis.com/v1/projects/laurence-blog-2021:testIamPermissions x-goog-quota-user=projects/laurence-blog-2021
[debug] [2024-09-16T16:03:22.243Z] >>> [apiv2][body] POST https://cloudresourcemanager.googleapis.com/v1/projects/laurence-blog-2021:testIamPermissions {"permissions":["firebase.projects.get","firebasehosting.sites.update"]}
[debug] [2024-09-16T16:03:23.431Z] <<< [apiv2][status] POST https://cloudresourcemanager.googleapis.com/v1/projects/laurence-blog-2021:testIamPermissions 401
[debug] [2024-09-16T16:03:23.432Z] <<< [apiv2][body] POST https://cloudresourcemanager.googleapis.com/v1/projects/laurence-blog-2021:testIamPermissions {"error":{"code":401,"message":"Request had invalid authentication credentials. Expected OAuth 2 access token, login cookie or other valid authentication credential. See https://developers.google.com/identity/sign-in/web/devconsole-project.","status":"UNAUTHENTICATED","details":[{"@type":"type.googleapis.com/google.rpc.ErrorInfo","reason":"ACCESS_TOKEN_TYPE_UNSUPPORTED","metadata":{"method":"google.cloudresourcemanager.v1.Projects.TestIamPermissions","service":"cloudresourcemanager.googleapis.com"}}]}}
[debug] [2024-09-16T16:03:23.435Z] [iam] error while checking permissions, command may fail: FirebaseError: HTTP Error: 401, Request had invalid authentication credentials. Expected OAuth 2 access token, login cookie or other valid authentication credential. See https://developers.google.com/identity/sign-in/web/devconsole-project.
[debug] [2024-09-16T16:03:23.436Z] > refreshing access token with scopes: []
[debug] [2024-09-16T16:03:23.438Z] >>> [apiv2][query] POST https://www.googleapis.com/oauth2/v3/token [none]
[debug] [2024-09-16T16:03:23.438Z] >>> [apiv2][body] POST https://www.googleapis.com/oauth2/v3/token [omitted]
[debug] [2024-09-16T16:03:23.647Z] <<< [apiv2][status] POST https://www.googleapis.com/oauth2/v3/token 400
[debug] [2024-09-16T16:03:23.647Z] <<< [apiv2][body] POST https://www.googleapis.com/oauth2/v3/token [omitted]
[debug] [2024-09-16T16:03:23.648Z] >>> [apiv2][query] GET https://firebase.googleapis.com/v1beta1/projects/laurence-blog-2021 [none]
[debug] [2024-09-16T16:03:24.224Z] <<< [apiv2][status] GET https://firebase.googleapis.com/v1beta1/projects/laurence-blog-2021 401
[debug] [2024-09-16T16:03:24.225Z] <<< [apiv2][body] GET https://firebase.googleapis.com/v1beta1/projects/laurence-blog-2021 {"error":{"code":401,"message":"Request had invalid authentication credentials. Expected OAuth 2 access token, login cookie or other valid authentication credential. See https://developers.google.com/identity/sign-in/web/devconsole-project.","status":"UNAUTHENTICATED"}}
[debug] [2024-09-16T16:03:24.226Z] HTTP Error: 401, Request had invalid authentication credentials. Expected OAuth 2 access token, login cookie or other valid authentication credential. See https://developers.google.com/identity/sign-in/web/devconsole-project.
[error] 
[error] Error: Assertion failed: resolving hosting target of a site with no site name or target name. This should have caused an error earlier
